# JRE version: Java(TM) SE Runtime Environment (8.0_72-b15) (build 1.8.0_72-b15)
# Java VM: Java HotSpot(TM) 64-Bit Server VM (25.72-b15 mixed mode linux-amd64 compressed oops)
Heap:
 PSYoungGen      total 103424K, used 46986K [0x00000000f8000000, 0x0000000100000000, 0x0000000100000000)
  eden space 83968K, 55% used [0x00000000f8000000,0x00000000fade2ba0,0x00000000fd200000)
  from space 19456K, 0% used [0x00000000fd200000,0x00000000fd200000,0x00000000fe500000)
  to   space 19456K, 0% used [0x00000000fed00000,0x00000000fed00000,0x0000000100000000)
 ParOldGen       total 70144K, used 33075K [0x00000000e8000000, 0x00000000ec480000, 0x00000000f8000000)
  object space 70144K, 47% used [0x00000000e8000000,0x00000000ea04cf98,0x00000000ec480000)
 Metaspace       used 58765K, capacity 62062K, committed 62296K, reserved 1103872K
  class space    used 6879K, capacity 7751K, committed 7808K, reserved 1048576K
GC Heap History (10 events):
Event: 6.777 GC heap before
{Heap before GC invocations=10 (full 2):
 PSYoungGen      total 80384K, used 7756K [0x00000000f8000000, 0x00000000fda80000, 0x0000000100000000)
  eden space 68096K, 0% used [0x00000000f8000000,0x00000000f8000000,0x00000000fc280000)
  from space 12288K, 63% used [0x00000000fce80000,0x00000000fd613198,0x00000000fda80000)
  to   space 12288K, 0% used [0x00000000fc280000,0x00000000fc280000,0x00000000fce80000)
 ParOldGen       total 37888K, used 20520K [0x00000000e8000000, 0x00000000ea500000, 0x00000000f8000000)
  object space 37888K, 54% used [0x00000000e8000000,0x00000000e940a330,0x00000000ea500000)
 Metaspace       used 33055K, capacity 35250K, committed 35416K, reserved 1081344K
  class space    used 3756K, capacity 4399K, committed 4480K, reserved 1048576K
Event: 6.826 GC heap after
Heap after GC invocations=10 (full 2):
 PSYoungGen      total 80384K, used 0K [0x00000000f8000000, 0x00000000fda80000, 0x0000000100000000)
  eden space 68096K, 0% used [0x00000000f8000000,0x00000000f8000000,0x00000000fc280000)
  from space 12288K, 0% used [0x00000000fce80000,0x00000000fce80000,0x00000000fda80000)
  to   space 12288K, 0% used [0x00000000fc280000,0x00000000fc280000,0x00000000fce80000)
 ParOldGen       total 43008K, used 17155K [0x00000000e8000000, 0x00000000eaa00000, 0x00000000f8000000)
  object space 43008K, 39% used [0x00000000e8000000,0x00000000e90c0d80,0x00000000eaa00000)
 Metaspace       used 33055K, capacity 35250K, committed 35416K, reserved 1081344K
  class space    used 3756K, capacity 4399K, committed 4480K, reserved 1048576K
}
Event: 14.245 GC heap before
{Heap before GC invocations=11 (full 2):
 PSYoungGen      total 80384K, used 68096K [0x00000000f8000000, 0x00000000fda80000, 0x0000000100000000)
  eden space 68096K, 100% used [0x00000000f8000000,0x00000000fc280000,0x00000000fc280000)
  from space 12288K, 0% used [0x00000000fce80000,0x00000000fce80000,0x00000000fda80000)
  to   space 12288K, 0% used [0x00000000fc280000,0x00000000fc280000,0x00000000fce80000)
 ParOldGen       total 43008K, used 17155K [0x00000000e8000000, 0x00000000eaa00000, 0x00000000f8000000)
  object space 43008K, 39% used [0x00000000e8000000,0x00000000e90c0d80,0x00000000eaa00000)
 Metaspace       used 48115K, capacity 51156K, committed 51288K, reserved 1093632K
  class space    used 5685K, capacity 6484K, committed 6528K, reserved 1048576K
Event: 14.259 GC heap after
Heap after GC invocations=11 (full 2):
 PSYoungGen      total 80384K, used 12276K [0x00000000f8000000, 0x00000000ff680000, 0x0000000100000000)
  eden space 68096K, 0% used [0x00000000f8000000,0x00000000f8000000,0x00000000fc280000)
  from space 12288K, 99% used [0x00000000fc280000,0x00000000fce7d238,0x00000000fce80000)
  to   space 17920K, 0% used [0x00000000fe500000,0x00000000fe500000,0x00000000ff680000)
 ParOldGen       total 43008K, used 27217K [0x00000000e8000000, 0x00000000eaa00000, 0x00000000f8000000)
  object space 43008K, 63% used [0x00000000e8000000,0x00000000e9a94550,0x00000000eaa00000)
 Metaspace       used 48115K, capacity 51156K, committed 51288K, reserved 1093632K
  class space    used 5685K, capacity 6484K, committed 6528K, reserved 1048576K
}
Event: 14.592 GC heap before
{Heap before GC invocations=12 (full 2):
 PSYoungGen      total 80384K, used 80372K [0x00000000f8000000, 0x00000000ff680000, 0x0000000100000000)
  eden space 68096K, 100% used [0x00000000f8000000,0x00000000fc280000,0x00000000fc280000)
  from space 12288K, 99% used [0x00000000fc280000,0x00000000fce7d238,0x00000000fce80000)
  to   space 17920K, 0% used [0x00000000fe500000,0x00000000fe500000,0x00000000ff680000)
 ParOldGen       total 43008K, used 27217K [0x00000000e8000000, 0x00000000eaa00000, 0x00000000f8000000)
  object space 43008K, 63% used [0x00000000e8000000,0x00000000e9a94550,0x00000000eaa00000)
 Metaspace       used 50379K, capacity 53608K, committed 53848K, reserved 1095680K
  class space    used 5879K, capacity 6684K, committed 6784K, reserved 1048576K
Event: 14.604 GC heap after
Heap after GC invocations=12 (full 2):
 PSYoungGen      total 101888K, used 14037K [0x00000000f8000000, 0x00000000ffc00000, 0x0000000100000000)
  eden space 83968K, 0% used [0x00000000f8000000,0x00000000f8000000,0x00000000fd200000)
  from space 17920K, 78% used [0x00000000fe500000,0x00000000ff2b5518,0x00000000ff680000)
  to   space 19456K, 0% used [0x00000000fd200000,0x00000000fd200000,0x00000000fe500000)
 ParOldGen       total 43008K, used 27225K [0x00000000e8000000, 0x00000000eaa00000, 0x00000000f8000000)
  object space 43008K, 63% used [0x00000000e8000000,0x00000000e9a96550,0x00000000eaa00000)
 Metaspace       used 50379K, capacity 53608K, committed 53848K, reserved 1095680K
  class space    used 5879K, capacity 6684K, committed 6784K, reserved 1048576K
}
Event: 24.179 GC heap before
{Heap before GC invocations=13 (full 2):
 PSYoungGen      total 101888K, used 60860K [0x00000000f8000000, 0x00000000ffc00000, 0x0000000100000000)
  eden space 83968K, 55% used [0x00000000f8000000,0x00000000fadb9c40,0x00000000fd200000)
  from space 17920K, 78% used [0x00000000fe500000,0x00000000ff2b5518,0x00000000ff680000)
  to   space 19456K, 0% used [0x00000000fd200000,0x00000000fd200000,0x00000000fe500000)
 ParOldGen       total 43008K, used 27225K [0x00000000e8000000, 0x00000000eaa00000, 0x00000000f8000000)
  object space 43008K, 63% used [0x00000000e8000000,0x00000000e9a96550,0x00000000eaa00000)
 Metaspace       used 55624K, capacity 58870K, committed 59028K, reserved 1101824K
  class space    used 6522K, capacity 7355K, committed 7424K, reserved 1048576K
Event: 24.195 GC heap after
Heap after GC invocations=13 (full 2):
 PSYoungGen      total 103424K, used 10950K [0x00000000f8000000, 0x0000000100000000, 0x0000000100000000)
  eden space 83968K, 0% used [0x00000000f8000000,0x00000000f8000000,0x00000000fd200000)
  from space 19456K, 56% used [0x00000000fd200000,0x00000000fdcb1bb0,0x00000000fe500000)
  to   space 19456K, 0% used [0x00000000fed00000,0x00000000fed00000,0x0000000100000000)
 ParOldGen       total 43008K, used 35627K [0x00000000e8000000, 0x00000000eaa00000, 0x00000000f8000000)
  object space 43008K, 82% used [0x00000000e8000000,0x00000000ea2cacb8,0x00000000eaa00000)
 Metaspace       used 55624K, capacity 58870K, committed 59028K, reserved 1101824K
  class space    used 6522K, capacity 7355K, committed 7424K, reserved 1048576K
}
Event: 24.195 GC heap before
{Heap before GC invocations=14 (full 3):
 PSYoungGen      total 103424K, used 10950K [0x00000000f8000000, 0x0000000100000000, 0x0000000100000000)
  eden space 83968K, 0% used [0x00000000f8000000,0x00000000f8000000,0x00000000fd200000)
  from space 19456K, 56% used [0x00000000fd200000,0x00000000fdcb1bb0,0x00000000fe500000)
  to   space 19456K, 0% used [0x00000000fed00000,0x00000000fed00000,0x0000000100000000)
 ParOldGen       total 43008K, used 35627K [0x00000000e8000000, 0x00000000eaa00000, 0x00000000f8000000)
  object space 43008K, 82% used [0x00000000e8000000,0x00000000ea2cacb8,0x00000000eaa00000)
 Metaspace       used 55624K, capacity 58870K, committed 59028K, reserved 1101824K
  class space    used 6522K, capacity 7355K, committed 7424K, reserved 1048576K
Event: 24.318 GC heap after
Heap after GC invocations=14 (full 3):
 PSYoungGen      total 103424K, used 0K [0x00000000f8000000, 0x0000000100000000, 0x0000000100000000)
  eden space 83968K, 0% used [0x00000000f8000000,0x00000000f8000000,0x00000000fd200000)
  from space 19456K, 0% used [0x00000000fd200000,0x00000000fd200000,0x00000000fe500000)
  to   space 19456K, 0% used [0x00000000fed00000,0x00000000fed00000,0x0000000100000000)
 ParOldGen       total 70144K, used 33075K [0x00000000e8000000, 0x00000000ec480000, 0x00000000f8000000)
  object space 70144K, 47% used [0x00000000e8000000,0x00000000ea04cf98,0x00000000ec480000)
 Metaspace       used 55624K, capacity 58870K, committed 59028K, reserved 1101824K
  class space    used 6522K, capacity 7355K, committed 7424K, reserved 1048576K
}

